<?xml version="1.0" encoding="UTF-8"?>
<beans xmlns="http://www.springframework.org/schema/beans"
       xmlns:xsi="http://www.w3.org/2001/XMLSchema-instance"
       xmlns:context="http://www.springframework.org/schema/context"
       xmlns:aop="http://www.springframework.org/schema/aop"
       xmlns:tx="http://www.springframework.org/schema/tx"
       xmlns:jdbc="http://www.springframework.org/schema/jdbc"
       xsi:schemaLocation="http://www.springframework.org/schema/beans 
                           http://www.springframework.org/schema/beans/spring-beans-4.0.xsd
                           http://www.springframework.org/schema/context
                           http://www.springframework.org/schema/context/spring-context-4.0.xsd
                           http://www.springframework.org/schema/aop
                           http://www.springframework.org/schema/aop/spring-aop-4.0.xsd
                           http://www.springframework.org/schema/tx
                           http://www.springframework.org/schema/tx/spring-tx-4.0.xsd
                           http://www.springframework.org/schema/jdbc
                           http://www.springframework.org/schema/jdbc/spring-jdbc-4.0.xsd
                           ">

    <tx:annotation-driven />
    <!-- Bean 후처리 애노테이션을 사용하기 위한 태그 -->
    <!-- 
    <context:annotation-config /> 
    -->

    <jdbc:embedded-database id="embeddedDatabase" type="HSQL">
        <jdbc:script location="classpath:/embsql/schema.sql" />
    
        <!-- OxmService에 입력 데이터가 있으면, 이 스크립트는 사용하지 않음 -->
        
        <jdbc:script location="classpath:/embsql/data.sql" />

    </jdbc:embedded-database>
    

    <bean id="xmlParsing" class="com.tobexam.common.XMLParsingConfig">
        <property name="fileName" value="mysql_conn.xml" />
    </bean>

    <bean id="connBean" class="com.tobexam.common.ConnectionBean"
        factory-bean="xmlParsing" factory-method="setConfig" />
    
    <bean id="dataSource" class="org.springframework.jdbc.datasource.SimpleDriverDataSource">
        <property name="driverClass" value="#{connBean.getClassName()}" />
        <property name="url" value="#{connBean.getConnStr()}" />
        <property name="username" value="#{connBean.getUserName()}" />
        <property name="password" value="#{connBean.getUserPass()}" />
    </bean>

    <bean id="jdbcContext" class="com.tobexam.dao.JdbcContext">
        <property name="dataSource" ref="dataSource" />
    </bean>

    <bean id="userDao" class="com.tobexam.dao.UserDaoJdbc_Template" >
        <property name="dataSource" ref="dataSource" />
        <property name="sqlService" ref="sqlService" />
    </bean>

    <bean id="sqlService" class="com.tobexam.sqlconfig.OxmService">
        <property name="unmarshaller" ref="unmarshaller" />
        <property name="sqlRegistry" ref="sqlRegistry" />
        <!-- Classpath에서부터 읽음. Maven의 Resource는 클래스패스에 저장. 문자열 값으로 가져오면, Resource로 인식 -->
        <!-- Java의 ClassPathResource와 동일 -->
        
        <!-- OxmService -->
        
        <property name="sqlmap" value="classpath:sqlmap.xml" />
        
        <!-- file:로 시작하게 되면, 루트 디렉토리에서부터 시작됨. 해당 프로젝트가 C 드라이브에 있다면, C 드라이브, D 드라이브 밑에 있으면 D 부터 -->
        <!-- 현재 드라이브 밑에 JavaProjects 폴더 밑에 tob_example 폴더, src, main, resources 밑의 sqlmap.xml에서 읽어들임 -->
        <!-- 
        <property name="sqlmap" value="file:/JavaProjects/tob_example/src/main/resources/sqlmap.xml" />
        -->
    </bean>
    
    <!-- Jaxb 사용 -->
    <bean id="unmarshaller" class="org.springframework.oxm.jaxb.Jaxb2Marshaller">
        <property name="contextPath" value="com.tobexam.sqlconfig.jaxb" />
    </bean>

    <!-- Castor 사용 -->
    <!-- 
    <bean id="unmarshaller" class="org.springframework.oxm.castor.CastorMarshaller">
        <property name="mappingLocation" value="oxm/mapping.xml" />
    </bean>
    -->
    
    <bean id="sqlRegistry" class="com.tobexam.sqlconfig.EmbeddedDbSqlRegstry">
        <property name="dataSource" ref="embeddedDatabase" />
    </bean>
    
    <!-- 
    <bean id="sqlRegistry" class="com.tobexam.sqlconfig.HashMapSqlRegistry" />
    -->
    <!-- DataSource가 아닌 JTA(글로벌 트랜잭션)을 사용할 경우  
        org.springframework.jdbc.datasource.DataSourceTransactionManager를 org.springframework.transaction.jta.JtaTransactionManager로 수정한다.
    -->
    <bean id="transactionManager" class="org.springframework.jdbc.datasource.DataSourceTransactionManager">
        <property name="dataSource" ref="dataSource" />
    </bean>
    <!--
        <bean id="mailSender" class="org.springframework.mail.javamail.JavaMailSenderImpl">
     -->
    <bean id="mailSender" class="com.tobexam.service.DummyMailSender">
        <property name="host" value="mail.server.com" />
    </bean>

    <bean id="userService" class="com.tobexam.service.UserServiceImpl">
        <property name="userDao" ref="userDao" />
        <property name="mailSender" ref="mailSender" />
    </bean>

    <aop:config>
        <!-- 포인트컷 외장 어드바이저 -->
        <!-- 
        <aop:pointcut id="transactionPointcut" 
                    expression="execution(* *..*ServiceImpl.upgrade*(..))" />
        <aop:advisor advice-ref="transactionAdvice" pointcut-ref="transactionPointcut" />
        -->
        <!-- 포인트컷 내장 어드바이저 -->
        <!-- 
        <aop:advisor advice-ref="transactionAdvice"  pointcut="execution(* *..*ServiceImpl.upgrade*(..))" />
        -->
        <!-- Bean이름을 가지고 어드바이스 적용 -->
        <aop:advisor advice-ref="transactionAdvice" pointcut="bean(*Service)" />
    </aop:config>

    <!-- 이전 -->
    <!-- 
    <bean id="transactionAdvice" class="com.tobexam.service.TransactionAdvice">
        <property name="transactionManager" ref="transactionManager" />
    </bean>
    -->
    
    <!-- tx 네임스페이스 사용 -->
    <!-- TransactionInterceptor Bean 등록됨 -->
    <!-- 전파 속성 propagation이 REQUIRED라면 생략 가능 -->
    <!-- TransactionManager의 아이디가 transactionManager일 경우 transaction-manager 속성을 생략할 수 있다. -->
    <tx:advice id="transactionAdvice">
        <tx:attributes>
            <tx:method name="get*" propagation="REQUIRED" read-only="true" timeout="30" />
            <tx:method name="count*" propagation="REQUIRED" read-only="true" timeout="30" />
            <tx:method name="select*" propagation="REQUIRED" read-only="true" timeout="30" />
            <tx:method name="upgrade*" propagation="REQUIRES_NEW" isolation="SERIALIZABLE" />
            <tx:method name="*" />
        </tx:attributes>
    </tx:advice>

    <!-- PROPAGATION_REQUIRED : 기존 트랜잭션에 합승, PROPAGATION_REQUIRES_NEW : 신규 트랜잭션 생성, ISOLATION_SERIALIZABLE : 동시 작업에 영향 받지 않게 완벽하게 고립된 트랜잭션 -->
    <!-- 
    <bean id="transactionAdvice" 
        class="org.springframework.transaction.interceptor.TransactionInterceptor">
        <property name="transactionManager" ref="transactionManager" />
        <property name="transactionAttributes">
            <props>
                <prop key="get*">PROPAGATION_REQUIRED,readOnly,timeout_30</prop>
                <prop key="count*">PROPAGATION_REQUIRED,readOnly,timeout_30</prop>
                <prop key="select*">PROPAGATION_REQUIRED,readOnly,timeout_30</prop>
                <prop key="upgrade*">PROPAGATION_REQUIRES_NEW,ISOLATION_SERIALIZABLE</prop>
                <prop key="*">PROPAGATION_REQUIRED</prop>
            </props>
        </property> 
    </bean>
    -->

    <!-- AOP 네임스페이스 사용 안 할 시 -->
    <!-- 
    
    <bean id="transactionPointcut" class="org.springframework.aop.aspectj.AspectJExpressionPointcut">
        <property name="expression" value="execution(* *..*ServiceImpl.upgrade*(..))" />
    </bean>

    <bean id="transactionAdvisor" class="org.springframework.aop.support.DefaultPointcutAdvisor">
        <property name="advice" ref="transactionAdvice" />
        <property name="pointcut" ref="transactionPointcut" />
    </bean>
    -->
    
    <bean id="testUserService"
        class="com.tobexam.UserServiceTest$TestUserServiceImpl"
        parent="userService"
    />

    <!-- DefaultAdvisorAutoProxyCreator는 Bean으로만 등록하면 되므로, id는 필요 없음 -->
    <bean class="org.springframework.aop.framework.autoproxy.DefaultAdvisorAutoProxyCreator" />
</beans>